<?xml version="1.0" encoding="UTF-8"?>
<!-- Generated by org.testng.reporters.JUnitReportReporter -->
<testsuite skipped="0" hostname="Samsul_Alam" name="com.elementLocators.xpathAxesDemo1" tests="1" failures="0" timestamp="18 Jul 2021 11:06:46 GMT" time="22.987" errors="0">
  <testcase name="findXpathAxesExamples" time="22.987" classname="com.elementLocators.xpathAxesDemo1"/>
</testsuite> <!-- com.elementLocators.xpathAxesDemo1 -->
