<?xml version="1.0" encoding="UTF-8"?>
<!-- Generated by org.testng.reporters.JUnitReportReporter -->
<testsuite skipped="0" hostname="Samsul_Alam" name="com.elementLocators.shadowDOM" tests="1" failures="0" timestamp="19 Jul 2021 17:24:52 GMT" time="3.857" errors="0">
  <testcase name="shadowDomElements1" time="3.857" classname="com.elementLocators.shadowDOM"/>
</testsuite> <!-- com.elementLocators.shadowDOM -->
